<?xml version="1.0" encoding="UTF-8"?>
<!-- Generated by org.testng.reporters.JUnitXMLReporter -->
<testsuite hostname="DESKTOP-D9OTF19" ignored="0" name="Default test" tests="3" failures="0" timestamp="25 Mar 2019 16:44:50 GMT" time="0.043" errors="0">
  <testcase name="Test1" time="0.005" classname="testCases.TestCase1"/>
  <testcase name="Test2" time="0.001" classname="testCases.TestCase2"/>
  <testcase name="Test3" time="0.001" classname="testCases.TestCase3"/>
</testsuite> <!-- Default test -->
